# JRE version: Java(TM) SE Runtime Environment (17.0.12+8) (build 17.0.12+8-LTS-286)
# Java VM: Java HotSpot(TM) 64-Bit Server VM (17.0.12+8-LTS-286, mixed mode, sharing, tiered, compressed oops, compressed class ptrs, g1 gc, windows-amd64)
GC Precious Log:
 CPUs: 4 total, 4 available
 Memory: 8072M
 Large Page Support: Disabled
 NUMA Support: Disabled
 Compressed Oops: Enabled (32-bit)
 Heap Region Size: 1M
 Heap Min Capacity: 8M
 Heap Initial Capacity: 128M
 Heap Max Capacity: 2020M
 Pre-touch: Disabled
 Parallel Workers: 4
 Concurrent Workers: 1
 Concurrent Refinement Workers: 4
 Periodic GC: Disabled
Heap:
 garbage-first heap   total 75776K, used 54101K [0x0000000081c00000, 0x0000000100000000)
  region size 1024K, 31 young (31744K), 5 survivors (5120K)
 Metaspace       used 74456K, committed 75200K, reserved 1114112K
  class space    used 10141K, committed 10496K, reserved 1048576K
GC Heap History (20 events):
Event: 4.250 GC heap before
{Heap before GC invocations=8 (full 0):
 garbage-first heap   total 51200K, used 38812K [0x0000000081c00000, 0x0000000100000000)
  region size 1024K, 21 young (21504K), 2 survivors (2048K)
 Metaspace       used 34141K, committed 34560K, reserved 1114112K
  class space    used 4467K, committed 4672K, reserved 1048576K
}
Event: 4.256 GC heap after
{Heap after GC invocations=9 (full 0):
 garbage-first heap   total 51200K, used 20153K [0x0000000081c00000, 0x0000000100000000)
  region size 1024K, 1 young (1024K), 1 survivors (1024K)
 Metaspace       used 34141K, committed 34560K, reserved 1114112K
  class space    used 4467K, committed 4672K, reserved 1048576K
}
Event: 4.382 GC heap before
{Heap before GC invocations=9 (full 0):
 garbage-first heap   total 51200K, used 24249K [0x0000000081c00000, 0x0000000100000000)
  region size 1024K, 6 young (6144K), 1 survivors (1024K)
 Metaspace       used 35494K, committed 35968K, reserved 1114112K
  class space    used 4591K, committed 4800K, reserved 1048576K
}
Event: 4.385 GC heap after
{Heap after GC invocations=10 (full 0):
 garbage-first heap   total 51200K, used 20756K [0x0000000081c00000, 0x0000000100000000)
  region size 1024K, 2 young (2048K), 2 survivors (2048K)
 Metaspace       used 35494K, committed 35968K, reserved 1114112K
  class space    used 4591K, committed 4800K, reserved 1048576K
}
Event: 5.496 GC heap before
{Heap before GC invocations=11 (full 0):
 garbage-first heap   total 51200K, used 38164K [0x0000000081c00000, 0x0000000100000000)
  region size 1024K, 20 young (20480K), 2 survivors (2048K)
 Metaspace       used 42965K, committed 43392K, reserved 1114112K
  class space    used 5514K, committed 5696K, reserved 1048576K
}
Event: 5.505 GC heap after
{Heap after GC invocations=12 (full 0):
 garbage-first heap   total 51200K, used 22641K [0x0000000081c00000, 0x0000000100000000)
  region size 1024K, 3 young (3072K), 3 survivors (3072K)
 Metaspace       used 42965K, committed 43392K, reserved 1114112K
  class space    used 5514K, committed 5696K, reserved 1048576K
}
Event: 5.557 GC heap before
{Heap before GC invocations=12 (full 0):
 garbage-first heap   total 51200K, used 23665K [0x0000000081c00000, 0x0000000100000000)
  region size 1024K, 4 young (4096K), 3 survivors (3072K)
 Metaspace       used 43079K, committed 43584K, reserved 1114112K
  class space    used 5528K, committed 5760K, reserved 1048576K
}
Event: 5.563 GC heap after
{Heap after GC invocations=13 (full 0):
 garbage-first heap   total 51200K, used 22894K [0x0000000081c00000, 0x0000000100000000)
  region size 1024K, 1 young (1024K), 1 survivors (1024K)
 Metaspace       used 43079K, committed 43584K, reserved 1114112K
  class space    used 5528K, committed 5760K, reserved 1048576K
}
Event: 6.262 GC heap before
{Heap before GC invocations=13 (full 0):
 garbage-first heap   total 51200K, used 38254K [0x0000000081c00000, 0x0000000100000000)
  region size 1024K, 17 young (17408K), 1 survivors (1024K)
 Metaspace       used 46800K, committed 47296K, reserved 1114112K
  class space    used 6050K, committed 6272K, reserved 1048576K
}
Event: 6.267 GC heap after
{Heap after GC invocations=14 (full 0):
 garbage-first heap   total 51200K, used 23608K [0x0000000081c00000, 0x0000000100000000)
  region size 1024K, 2 young (2048K), 2 survivors (2048K)
 Metaspace       used 46800K, committed 47296K, reserved 1114112K
  class space    used 6050K, committed 6272K, reserved 1048576K
}
Event: 6.951 GC heap before
{Heap before GC invocations=15 (full 0):
 garbage-first heap   total 51200K, used 39992K [0x0000000081c00000, 0x0000000100000000)
  region size 1024K, 18 young (18432K), 2 survivors (2048K)
 Metaspace       used 50600K, committed 51136K, reserved 1114112K
  class space    used 6691K, committed 6976K, reserved 1048576K
}
Event: 6.954 GC heap after
{Heap after GC invocations=16 (full 0):
 garbage-first heap   total 51200K, used 24380K [0x0000000081c00000, 0x0000000100000000)
  region size 1024K, 2 young (2048K), 2 survivors (2048K)
 Metaspace       used 50600K, committed 51136K, reserved 1114112K
  class space    used 6691K, committed 6976K, reserved 1048576K
}
Event: 7.033 GC heap before
{Heap before GC invocations=16 (full 0):
 garbage-first heap   total 51200K, used 25404K [0x0000000081c00000, 0x0000000100000000)
  region size 1024K, 3 young (3072K), 2 survivors (2048K)
 Metaspace       used 50831K, committed 51392K, reserved 1114112K
  class space    used 6744K, committed 7040K, reserved 1048576K
}
Event: 7.038 GC heap after
{Heap after GC invocations=17 (full 0):
 garbage-first heap   total 51200K, used 24313K [0x0000000081c00000, 0x0000000100000000)
  region size 1024K, 1 young (1024K), 1 survivors (1024K)
 Metaspace       used 50831K, committed 51392K, reserved 1114112K
  class space    used 6744K, committed 7040K, reserved 1048576K
}
Event: 7.552 GC heap before
{Heap before GC invocations=17 (full 0):
 garbage-first heap   total 51200K, used 38649K [0x0000000081c00000, 0x0000000100000000)
  region size 1024K, 16 young (16384K), 1 survivors (1024K)
 Metaspace       used 54352K, committed 54912K, reserved 1114112K
  class space    used 7190K, committed 7488K, reserved 1048576K
}
Event: 7.556 GC heap after
{Heap after GC invocations=18 (full 0):
 garbage-first heap   total 75776K, used 24679K [0x0000000081c00000, 0x0000000100000000)
  region size 1024K, 1 young (1024K), 1 survivors (1024K)
 Metaspace       used 54352K, committed 54912K, reserved 1114112K
  class space    used 7190K, committed 7488K, reserved 1048576K
}
Event: 9.002 GC heap before
{Heap before GC invocations=19 (full 0):
 garbage-first heap   total 75776K, used 59495K [0x0000000081c00000, 0x0000000100000000)
  region size 1024K, 35 young (35840K), 1 survivors (1024K)
 Metaspace       used 63759K, committed 64384K, reserved 1114112K
  class space    used 8694K, committed 8960K, reserved 1048576K
}
Event: 9.008 GC heap after
{Heap after GC invocations=20 (full 0):
 garbage-first heap   total 75776K, used 26230K [0x0000000081c00000, 0x0000000100000000)
  region size 1024K, 3 young (3072K), 3 survivors (3072K)
 Metaspace       used 63759K, committed 64384K, reserved 1114112K
  class space    used 8694K, committed 8960K, reserved 1048576K
}
Event: 10.574 GC heap before
{Heap before GC invocations=20 (full 0):
 garbage-first heap   total 75776K, used 60022K [0x0000000081c00000, 0x0000000100000000)
  region size 1024K, 36 young (36864K), 3 survivors (3072K)
 Metaspace       used 68921K, committed 69504K, reserved 1114112K
  class space    used 9372K, committed 9664K, reserved 1048576K
}
Event: 10.587 GC heap after
{Heap after GC invocations=21 (full 0):
 garbage-first heap   total 75776K, used 29525K [0x0000000081c00000, 0x0000000100000000)
  region size 1024K, 5 young (5120K), 5 survivors (5120K)
 Metaspace       used 68921K, committed 69504K, reserved 1114112K
  class space    used 9372K, committed 9664K, reserved 1048576K
}

